\BOOKMARK [1][-]{section.1}{Introduction}{}% 1
\BOOKMARK [1][-]{section.2}{Contexte technologique}{}% 2
\BOOKMARK [2][-]{subsection.2.1}{Blockchain}{section.2}% 3
\BOOKMARK [3][-]{subsubsection.2.1.1}{Bitcoin}{subsection.2.1}% 4
\BOOKMARK [3][-]{subsubsection.2.1.2}{Ethereum}{subsection.2.1}% 5
\BOOKMARK [2][-]{subsection.2.2}{Smart contract}{section.2}% 6
\BOOKMARK [3][-]{subsubsection.2.2.1}{Smart contract modifiable}{subsection.2.2}% 7
\BOOKMARK [3][-]{subsubsection.2.2.2}{EVM}{subsection.2.2}% 8
\BOOKMARK [3][-]{subsubsection.2.2.3}{Solidity}{subsection.2.2}% 9
\BOOKMARK [1][-]{section.3}{Mes Objectifs et les sc\351narios}{}% 10
\BOOKMARK [2][-]{subsection.3.1}{Objectifs}{section.3}% 11
\BOOKMARK [2][-]{subsection.3.2}{Sc\351narios et Use Cases}{section.3}% 12
\BOOKMARK [3][-]{subsubsection.3.2.1}{Sc\351nario 1}{subsection.3.2}% 13
\BOOKMARK [3][-]{subsubsection.3.2.2}{Sc\351nario 2}{subsection.3.2}% 14
\BOOKMARK [1][-]{section.4}{Prototypes}{}% 15
\BOOKMARK [2][-]{subsection.4.1}{Phase de recherche}{section.4}% 16
\BOOKMARK [2][-]{subsection.4.2}{Les outils}{section.4}% 17
\BOOKMARK [2][-]{subsection.4.3}{Premier prototype}{section.4}% 18
\BOOKMARK [3][-]{subsubsection.4.3.1}{M\351thode utilis\351e}{subsection.4.3}% 19
\BOOKMARK [3][-]{subsubsection.4.3.2}{D\351tail technique}{subsection.4.3}% 20
\BOOKMARK [2][-]{subsection.4.4}{Impl\351mentation officielle \(Diamond\)}{section.4}% 21
\BOOKMARK [2][-]{subsection.4.5}{Comparaison de mon prototype et du diamant}{section.4}% 22
\BOOKMARK [1][-]{section.5}{Probl\350mes soulev\351s}{}% 23
\BOOKMARK [2][-]{subsection.5.1}{Gouvernance avec un administrateur}{section.5}% 24
\BOOKMARK [2][-]{subsection.5.2}{Gouvernance avec un syst\350me de vote}{section.5}% 25
\BOOKMARK [2][-]{subsection.5.3}{Gouvernance avec un Multisig wallet}{section.5}% 26
\BOOKMARK [1][-]{section.6}{Pedagogie}{}% 27
\BOOKMARK [2][-]{subsection.6.1}{R\351capitulatif des r\351unions}{section.6}% 28
\BOOKMARK [2][-]{subsection.6.2}{Mon organisation}{section.6}% 29
\BOOKMARK [1][-]{section.7}{Ouvertures}{}% 30
\BOOKMARK [2][-]{subsection.7.1}{Am\351liorer la mani\350re de cr\351er des contracts dynamiquement modifiable dans Solidity}{section.7}% 31
\BOOKMARK [2][-]{subsection.7.2}{Ajout d'un syst\350me de type plus intelligent pour pr\351venir les erreurs de contrat modifiables dynamiquement mais pas n' emporte comment}{section.7}% 32
\BOOKMARK [1][-]{section.8}{Conclusion}{}% 33
